2015/04/17 01:19:38: INFO: Creating RenderManager...
2015/04/17 01:19:39: INFO: RenderManager initialized successfully!
2015/04/17 01:19:39: INFO: Detecting input devices...
2015/04/17 01:19:39: INFO: Name: Speakers (Realtek High Definition Audio)Driver: {0.0.0.00000000}.{ea029ff1-0b71-4d3f-9593-c3a598b7168e}

2015/04/17 01:19:39: INFO: AudioManager initialized successfully!
2015/04/17 01:19:39: INFO: Loading resources...
2015/04/17 01:19:39: INFO: Loading PathResource
2015/04/17 01:19:39: INFO: Loading PathResource
2015/04/17 01:19:39: INFO: Loading PathResource
2015/04/17 01:19:39: INFO: Loading PathResource
2015/04/17 01:19:39: INFO: Loading PathResource
2015/04/17 01:19:39: INFO: Loading PathResource
2015/04/17 01:19:39: INFO: Loading MeshResource
2015/04/17 01:19:39: INFO: Loading MeshResource
2015/04/17 01:19:39: INFO: Loading MeshResource
2015/04/17 01:19:39: INFO: Loading MeshResource
2015/04/17 01:19:39: INFO: Loading MeshResource
2015/04/17 01:19:39: INFO: Loading MeshResource
2015/04/17 01:19:39: INFO: Loading MeshResource
2015/04/17 01:19:39: INFO: Loading MeshResource
2015/04/17 01:19:39: INFO: Loading MeshResource
2015/04/17 01:19:39: INFO: Loading MeshResource
2015/04/17 01:19:39: INFO: Loading MeshResource
2015/04/17 01:19:39: INFO: Loading MeshResource
2015/04/17 01:19:39: INFO: Loading MeshResource
2015/04/17 01:19:39: INFO: Loading MeshResource
2015/04/17 01:19:39: INFO: Loading MeshResource
2015/04/17 01:19:39: INFO: Loading MeshResource
2015/04/17 01:19:39: INFO: Loading AudioResource
2015/04/17 01:19:39: INFO: Loading AudioResource
2015/04/17 01:19:39: INFO: Loading AudioResource
2015/04/17 01:19:39: INFO: Loading AudioResource
2015/04/17 01:19:39: INFO: Loading AudioResource
2015/04/17 01:19:39: INFO: Loading AudioResource
2015/04/17 01:19:39: INFO: Loading AudioResource
2015/04/17 01:19:39: INFO: Loading AudioResource
2015/04/17 01:19:39: INFO: Loading AudioResource
2015/04/17 01:19:39: INFO: Loading AudioResource
2015/04/17 01:19:39: INFO: Initalizing Ogre resource group...
2015/04/17 01:19:39: INFO: Loading Ogre resources...
2015/04/17 01:19:45: INFO: Resources loaded!
2015/04/17 01:19:45: INFO: Building scene...
2015/04/17 01:19:45: INFO: Creating rigid body: RockNode1
2015/04/17 01:19:45: INFO: Creating rigid body: RockNode2
2015/04/17 01:19:45: INFO: Creating rigid body: RockNode3
2015/04/17 01:19:45: INFO: Loading GUI...
2015/04/17 01:19:45: INFO: Building GUI...
2015/04/17 01:19:45: INFO: No buttons in this GUI.
2015/04/17 01:19:45: INFO: GUI built.
2015/04/17 01:19:45: INFO: Scene built successfully!
2015/04/17 01:19:45: WARNING: Script could not be run.
2015/04/17 01:19:45: WARNING: ./assets/lua/startup.lua
2015/04/17 01:19:45: INFO: Starting renderer...
2015/04/17 01:19:48: INFO: Stopping render process...
2015/04/17 01:19:48: INFO: Stopped.
2015/04/17 01:19:48: INFO: Exiting program...
